TN:
SF:src/LighthouseCertificates.sol
FN:181,LighthouseCertificate.safeTransferFrom
FNDA:1,LighthouseCertificate.safeTransferFrom
DA:188,1
FN:195,LighthouseCertificate.safeBatchTransferFrom
FNDA:1,LighthouseCertificate.safeBatchTransferFrom
DA:202,1
FN:212,LighthouseCertificate.setAuthority
FNDA:3,LighthouseCertificate.setAuthority
DA:217,3
BRDA:217,0,0,3
BRDA:217,0,1,3
DA:218,3
DA:220,3
DA:221,3
FN:229,LighthouseCertificate.revokeAuthority
FNDA:3,LighthouseCertificate.revokeAuthority
DA:230,3
DA:231,3
FN:241,LighthouseCertificate.setEducator
FNDA:9,LighthouseCertificate.setEducator
DA:244,9
DA:245,9
BRDA:245,1,0,2
BRDA:245,1,1,7
DA:246,2
DA:249,7
BRDA:249,2,0,7
BRDA:249,2,1,6
DA:250,7
DA:253,6
DA:255,6
FN:264,LighthouseCertificate.revokeEducator
FNDA:2,LighthouseCertificate.revokeEducator
DA:265,2
DA:266,2
BRDA:266,3,0,1
BRDA:266,3,1,1
DA:267,1
DA:269,1
DA:271,1
FN:280,LighthouseCertificate.registerDid
FNDA:23,LighthouseCertificate.registerDid
DA:281,23
BRDA:281,4,0,1
BRDA:281,4,1,22
DA:282,1
DA:284,22
BRDA:284,5,0,1
BRDA:284,5,1,21
DA:285,1
DA:287,21
FN:297,LighthouseCertificate.changeAddressForDid
FNDA:4,LighthouseCertificate.changeAddressForDid
DA:300,4
DA:301,4
BRDA:301,6,0,1
BRDA:301,6,1,3
DA:302,1
DA:304,3
BRDA:304,7,0,1
BRDA:304,7,1,2
DA:305,1
DA:307,2
DA:308,2
BRDA:308,8,0,1
BRDA:308,8,1,1
DA:309,2
BRDA:309,9,0,1
BRDA:309,9,1,1
DA:310,1
DA:313,1
DA:314,1
DA:315,1
DA:316,1
DA:317,1
DA:318,5
DA:320,5
DA:323,1
DA:330,1
FN:338,LighthouseCertificate.registerCertificate
FNDA:56,LighthouseCertificate.registerCertificate
DA:339,56
DA:340,56
BRDA:340,10,0,1
BRDA:340,10,1,55
DA:341,1
DA:343,55
BRDA:343,11,0,1
BRDA:343,11,1,54
DA:344,1
DA:346,54
DA:347,54
FN:359,LighthouseCertificate.mintCertificate
FNDA:13,LighthouseCertificate.mintCertificate
DA:363,13
DA:364,13
BRDA:364,12,0,1
BRDA:364,12,1,12
DA:365,1
DA:367,12
DA:368,12
DA:369,8
DA:370,8
FN:380,LighthouseCertificate.mintBatchCertificates
FNDA:11,LighthouseCertificate.mintBatchCertificates
DA:384,11
DA:385,11
BRDA:385,13,0,1
BRDA:385,13,1,10
DA:386,1
DA:388,10
DA:389,10
DA:390,10
DA:391,39
DA:397,38
DA:399,38
DA:402,9
DA:403,9
FN:413,LighthouseCertificate.changeValidStatusForCertificate
FNDA:2,LighthouseCertificate.changeValidStatusForCertificate
DA:418,2
BRDA:418,14,0,1
BRDA:418,14,1,1
DA:420,2
BRDA:419,15,0,1
BRDA:419,15,1,1
DA:425,1
DA:428,1
DA:433,1
FN:443,LighthouseCertificate.changeValidStatusForBatchOfCertificates
FNDA:3,LighthouseCertificate.changeValidStatusForBatchOfCertificates
DA:448,3
BRDA:448,16,0,1
BRDA:448,16,1,8
DA:449,2
DA:451,9
BRDA:450,17,0,1
BRDA:450,17,1,8
DA:456,1
DA:459,8
DA:463,2
DA:464,10
DA:470,10
DA:473,2
FN:486,LighthouseCertificate.isEducatorOf
FNDA:19,LighthouseCertificate.isEducatorOf
DA:491,19
BRDA:490,18,0,8
BRDA:490,18,1,11
DA:494,8
DA:496,11
FN:505,LighthouseCertificate._mintHelper
FNDA:51,LighthouseCertificate._mintHelper
DA:511,51
DA:513,51
BRDA:513,19,0,1
BRDA:513,19,1,50
DA:514,1
DA:517,50
BRDA:517,20,0,1
BRDA:517,20,1,49
DA:518,1
DA:520,49
DA:521,49
BRDA:521,21,0,1
BRDA:521,21,1,3
DA:522,4
BRDA:522,22,0,1
BRDA:522,22,1,3
DA:523,1
DA:525,48
BRDA:525,23,0,2
BRDA:525,23,1,46
DA:526,2
DA:528,46
FN:538,LighthouseCertificate._changeValidStatusForCertificate
FNDA:11,LighthouseCertificate._changeValidStatusForCertificate
DA:543,11
FN:551,LighthouseCertificate._registerDid
FNDA:31,LighthouseCertificate._registerDid
DA:552,31
BRDA:552,24,0,1
BRDA:552,24,1,30
DA:553,1
DA:555,30
DA:556,30
DA:557,30
FN:565,LighthouseCertificate._strCompare
FNDA:11,LighthouseCertificate._strCompare
DA:570,11
BRDA:570,25,0,2
BRDA:570,25,1,9
DA:571,2
DA:573,9
FN:581,LighthouseCertificate.supportsInterface
FNDA:1,LighthouseCertificate.supportsInterface
DA:588,1
FNF:19
FNH:19
LF:107
LH:107
BRF:52
BRH:52
end_of_record
